<?xml version="1.0" encoding="utf-8"?><testsuites><testsuite name="pytest" errors="0" failures="0" skipped="0" tests="0" time="0.361" timestamp="2024-01-27T13:19:21.000862" hostname="chelsea" /></testsuites>